E:\GIT\GSP420OPENGLENGINE\GSP420OPENGLENGINE\DEBUG\GSP420OPENGLENGINE.OBJ
E:\GIT\GSP420OPENGLENGINE\GSP420OPENGLENGINE\DEBUG\STDAFX.OBJ
E:\GIT\GSP420OPENGLENGINE\GSP420OPENGLENGINE\DEBUG\VC110.PDB
E:\GIT\GSP420OPENGLENGINE\GSP420OPENGLENGINE\DEBUG\ENGINE.OBJ
E:\GIT\GSP420OPENGLENGINE\GSP420OPENGLENGINE\DEBUG\ENGINE.SBR
E:\GIT\GSP420OPENGLENGINE\GSP420OPENGLENGINE\DEBUG\DRAWABLEOBJECT.OBJ
E:\GIT\GSP420OPENGLENGINE\GSP420OPENGLENGINE\DEBUG\GLTEXTURE.OBJ
E:\GIT\GSP420OPENGLENGINE\GSP420OPENGLENGINE\DEBUG\HELPER.OBJ
E:\GIT\GSP420OPENGLENGINE\GSP420OPENGLENGINE\DEBUG\LODEPNG.OBJ
E:\GIT\GSP420OPENGLENGINE\GSP420OPENGLENGINE\DEBUG\SPRITE.OBJ
E:\GIT\GSP420OPENGLENGINE\GSP420OPENGLENGINE\DEBUG\DRAWABLEOBJECT.SBR
E:\GIT\GSP420OPENGLENGINE\GSP420OPENGLENGINE\DEBUG\SPRITE.SBR
E:\GIT\GSP420OPENGLENGINE\GSP420OPENGLENGINE\DEBUG\STDAFX.SBR
E:\GIT\GSP420OPENGLENGINE\GSP420OPENGLENGINE\DEBUG\LODEPNG.SBR
E:\GIT\GSP420OPENGLENGINE\GSP420OPENGLENGINE\DEBUG\HELPER.SBR
E:\GIT\GSP420OPENGLENGINE\GSP420OPENGLENGINE\DEBUG\GSP420OPENGLENGINE.SBR
E:\GIT\GSP420OPENGLENGINE\GSP420OPENGLENGINE\DEBUG\GLTEXTURE.SBR
E:\GIT\GSP420OPENGLENGINE\GSP420OPENGLENGINE\DEBUG\GLSHADERPROGRAM.SBR
E:\GIT\GSP420OPENGLENGINE\GSP420OPENGLENGINE\DEBUG\GLSHADERPROGRAM.OBJ
E:\GIT\GSP420OPENGLENGINE\GSP420OPENGLENGINE\DEBUG\LEVEL.SBR
E:\GIT\GSP420OPENGLENGINE\GSP420OPENGLENGINE\DEBUG\LEVEL.OBJ
E:\GIT\GSP420OPENGLENGINE\GSP420OPENGLENGINE\DEBUG\MENUS.SBR
E:\GIT\GSP420OPENGLENGINE\GSP420OPENGLENGINE\DEBUG\INPUT.SBR
E:\GIT\GSP420OPENGLENGINE\GSP420OPENGLENGINE\DEBUG\BUTTON.SBR
E:\GIT\GSP420OPENGLENGINE\GSP420OPENGLENGINE\DEBUG\BUTTON.OBJ
E:\GIT\GSP420OPENGLENGINE\GSP420OPENGLENGINE\DEBUG\INPUT.OBJ
E:\GIT\GSP420OPENGLENGINE\GSP420OPENGLENGINE\DEBUG\MENUS.OBJ
E:\GIT\GSP420OPENGLENGINE\GSP420OPENGLENGINE\DEBUG\LMAINMENU.SBR
E:\GIT\GSP420OPENGLENGINE\GSP420OPENGLENGINE\DEBUG\LMAINMENU.OBJ
E:\GIT\GSP420OPENGLENGINE\DEBUG\GSP420OPENGLENGINE.ILK
E:\GIT\GSP420OPENGLENGINE\DEBUG\GSP420OPENGLENGINE.EXE
E:\GIT\GSP420OPENGLENGINE\DEBUG\GSP420OPENGLENGINE.PDB
E:\GIT\GSP420OPENGLENGINE\DEBUG\GSP420OPENGLENGINE.BSC
E:\git\GSP420OpenGLEngine\GSP420OpenGLEngine\Debug\GLTexture.obj
E:\git\GSP420OpenGLEngine\GSP420OpenGLEngine\Debug\helper.obj
E:\git\GSP420OpenGLEngine\GSP420OpenGLEngine\Debug\lodepng.obj
E:\git\GSP420OpenGLEngine\GSP420OpenGLEngine\Debug\GLShaderProgram.obj
E:\git\GSP420OpenGLEngine\GSP420OpenGLEngine\Debug\stdafx.obj
E:\git\GSP420OpenGLEngine\GSP420OpenGLEngine\Debug\GSP420OpenGLEngine.obj
E:\git\GSP420OpenGLEngine\GSP420OpenGLEngine\Debug\Level.obj
E:\git\GSP420OpenGLEngine\GSP420OpenGLEngine\Debug\DrawableObject.obj
E:\git\GSP420OpenGLEngine\GSP420OpenGLEngine\Debug\Menus.obj
E:\git\GSP420OpenGLEngine\GSP420OpenGLEngine\Debug\Sprite.obj
E:\git\GSP420OpenGLEngine\GSP420OpenGLEngine\Debug\Engine.obj
E:\git\GSP420OpenGLEngine\GSP420OpenGLEngine\Debug\Input.obj
E:\git\GSP420OpenGLEngine\GSP420OpenGLEngine\Debug\Button.obj
E:\git\GSP420OpenGLEngine\GSP420OpenGLEngine\Debug\lMainMenu.obj
E:\git\GSP420OpenGLEngine\GSP420OpenGLEngine\Debug\CL.read.1.tlog
E:\git\GSP420OpenGLEngine\GSP420OpenGLEngine\Debug\CL.write.1.tlog
E:\git\GSP420OpenGLEngine\GSP420OpenGLEngine\Debug\cl.command.1.tlog
E:\git\GSP420OpenGLEngine\GSP420OpenGLEngine\Debug\link-rc.read.1.tlog
E:\git\GSP420OpenGLEngine\GSP420OpenGLEngine\Debug\link-rc.write.1.tlog
E:\git\GSP420OpenGLEngine\GSP420OpenGLEngine\Debug\link-cvtres.read.1.tlog
E:\git\GSP420OpenGLEngine\GSP420OpenGLEngine\Debug\link-cvtres.write.1.tlog
E:\git\GSP420OpenGLEngine\GSP420OpenGLEngine\Debug\link.read.1.tlog
E:\git\GSP420OpenGLEngine\GSP420OpenGLEngine\Debug\link.write.1.tlog
E:\git\GSP420OpenGLEngine\GSP420OpenGLEngine\Debug\link.command.1.tlog
E:\git\GSP420OpenGLEngine\GSP420OpenGLEngine\Debug\link.4912-rc.read.1.tlog
E:\git\GSP420OpenGLEngine\GSP420OpenGLEngine\Debug\link.4912-rc.write.1.tlog
E:\git\GSP420OpenGLEngine\GSP420OpenGLEngine\Debug\link.4912-cvtres.read.1.tlog
E:\git\GSP420OpenGLEngine\GSP420OpenGLEngine\Debug\link.4912-cvtres.write.1.tlog
E:\git\GSP420OpenGLEngine\GSP420OpenGLEngine\Debug\link.4912.read.1.tlog
E:\git\GSP420OpenGLEngine\GSP420OpenGLEngine\Debug\link.4912.write.1.tlog
E:\git\GSP420OpenGLEngine\GSP420OpenGLEngine\Debug\link.2228-rc.read.1.tlog
E:\git\GSP420OpenGLEngine\GSP420OpenGLEngine\Debug\link.2228-rc.write.1.tlog
E:\git\GSP420OpenGLEngine\GSP420OpenGLEngine\Debug\link.2228-cvtres.read.1.tlog
E:\git\GSP420OpenGLEngine\GSP420OpenGLEngine\Debug\link.2228-cvtres.write.1.tlog
E:\git\GSP420OpenGLEngine\GSP420OpenGLEngine\Debug\link.2228.read.1.tlog
E:\git\GSP420OpenGLEngine\GSP420OpenGLEngine\Debug\link.2228.write.1.tlog
E:\git\GSP420OpenGLEngine\GSP420OpenGLEngine\Debug\bscmake.read.1.tlog
E:\git\GSP420OpenGLEngine\GSP420OpenGLEngine\Debug\BscMake.write.1.tlog
E:\git\GSP420OpenGLEngine\GSP420OpenGLEngine\Debug\BscMake.command.1.tlog
E:\git\GSP420OpenGLEngine\GSP420OpenGLEngine\Debug\link.5268-rc.read.1.tlog
E:\git\GSP420OpenGLEngine\GSP420OpenGLEngine\Debug\link.5268-rc.write.1.tlog
E:\git\GSP420OpenGLEngine\GSP420OpenGLEngine\Debug\link.5268-cvtres.read.1.tlog
E:\git\GSP420OpenGLEngine\GSP420OpenGLEngine\Debug\link.5268-cvtres.write.1.tlog
E:\git\GSP420OpenGLEngine\GSP420OpenGLEngine\Debug\link.5268.read.1.tlog
E:\git\GSP420OpenGLEngine\GSP420OpenGLEngine\Debug\link.5268.write.1.tlog
E:\git\GSP420OpenGLEngine\GSP420OpenGLEngine\Debug\link.6256-rc.read.1.tlog
E:\git\GSP420OpenGLEngine\GSP420OpenGLEngine\Debug\link.6256-rc.write.1.tlog
E:\git\GSP420OpenGLEngine\GSP420OpenGLEngine\Debug\link.6256-cvtres.read.1.tlog
E:\git\GSP420OpenGLEngine\GSP420OpenGLEngine\Debug\link.6256-cvtres.write.1.tlog
E:\git\GSP420OpenGLEngine\GSP420OpenGLEngine\Debug\link.6256.read.1.tlog
E:\git\GSP420OpenGLEngine\GSP420OpenGLEngine\Debug\link.6256.write.1.tlog
E:\git\GSP420OpenGLEngine\GSP420OpenGLEngine\Debug\link.14604-rc.read.1.tlog
E:\git\GSP420OpenGLEngine\GSP420OpenGLEngine\Debug\link.14604-rc.write.1.tlog
E:\git\GSP420OpenGLEngine\GSP420OpenGLEngine\Debug\link.14604-cvtres.read.1.tlog
E:\git\GSP420OpenGLEngine\GSP420OpenGLEngine\Debug\link.14604-cvtres.write.1.tlog
E:\git\GSP420OpenGLEngine\GSP420OpenGLEngine\Debug\link.14604.read.1.tlog
E:\git\GSP420OpenGLEngine\GSP420OpenGLEngine\Debug\link.14604.write.1.tlog
E:\git\GSP420OpenGLEngine\GSP420OpenGLEngine\Debug\vc110.idb
E:\git\GSP420OpenGLEngine\GSP420OpenGLEngine\Debug\vc110.pdb
E:\git\GSP420OpenGLEngine\GSP420OpenGLEngine\Debug\stdafx.sbr
E:\git\GSP420OpenGLEngine\GSP420OpenGLEngine\Debug\Sprite.sbr
E:\git\GSP420OpenGLEngine\GSP420OpenGLEngine\Debug\lodepng.sbr
E:\git\GSP420OpenGLEngine\GSP420OpenGLEngine\Debug\helper.sbr
E:\git\GSP420OpenGLEngine\GSP420OpenGLEngine\Debug\GSP420OpenGLEngine.sbr
E:\git\GSP420OpenGLEngine\GSP420OpenGLEngine\Debug\GLTexture.sbr
E:\git\GSP420OpenGLEngine\GSP420OpenGLEngine\Debug\Engine.sbr
E:\git\GSP420OpenGLEngine\GSP420OpenGLEngine\Debug\DrawableObject.sbr
E:\git\GSP420OpenGLEngine\GSP420OpenGLEngine\Debug\GLShaderProgram.sbr
E:\git\GSP420OpenGLEngine\GSP420OpenGLEngine\Debug\Level.sbr
E:\git\GSP420OpenGLEngine\GSP420OpenGLEngine\Debug\Menus.sbr
E:\git\GSP420OpenGLEngine\GSP420OpenGLEngine\Debug\Input.sbr
E:\git\GSP420OpenGLEngine\GSP420OpenGLEngine\Debug\lMainMenu.sbr
E:\git\GSP420OpenGLEngine\GSP420OpenGLEngine\Debug\Button.sbr
E:\git\GSP420OpenGLEngine\Debug\GSP420OpenGLEngine.pdb
E:\git\GSP420OpenGLEngine\Debug\GSP420OpenGLEngine.bsc
